::1 - - [17/Aug/2022:20:02:26 +0000] "GET /api/v1/streams/DylanCanCode10101 HTTP/1.1" 200 441
::1 - - [17/Aug/2022:20:02:51 +0000] "GET /api/v1/users HTTP/1.1" 200 1524
::1 - - [17/Aug/2022:20:04:08 +0000] "GET /api/v1/users HTTP/1.1" 200 1524
::1 - - [17/Aug/2022:20:04:18 +0000] "POST /api/v1/users/login HTTP/1.1" 401 266
::1 - - [17/Aug/2022:20:04:23 +0000] "POST /api/v1/users/login HTTP/1.1" 401 266
::1 - - [17/Aug/2022:20:04:27 +0000] "POST /api/v1/users/login HTTP/1.1" 401 266
::1 - - [17/Aug/2022:20:04:32 +0000] "POST /api/v1/users/login HTTP/1.1" 401 266
::1 - - [17/Aug/2022:20:04:45 +0000] "POST /api/v1/users/login HTTP/1.1" 401 266
::1 - - [17/Aug/2022:20:04:49 +0000] "POST /api/v1/users/login HTTP/1.1" 401 266
::1 - - [17/Aug/2022:20:04:54 +0000] "POST /api/v1/users/login HTTP/1.1" 401 266
::1 - - [17/Aug/2022:20:05:10 +0000] "POST /api/v1/users/signup HTTP/1.1" 201 445
::1 - - [17/Aug/2022:20:05:25 +0000] "POST /api/v1/users/login HTTP/1.1" 200 415
::1 - - [17/Aug/2022:20:07:32 +0000] "POST /api/v1/comments HTTP/1.1" 404 1392
::1 - - [17/Aug/2022:20:07:42 +0000] "POST /api/v1/comments HTTP/1.1" 500 1052
::1 - - [17/Aug/2022:20:08:28 +0000] "POST /api/v1/comments HTTP/1.1" 500 1052
::1 - - [17/Aug/2022:20:10:24 +0000] "POST /api/v1/comments HTTP/1.1" 400 1260
::1 - - [17/Aug/2022:20:11:00 +0000] "POST /api/v1/comments HTTP/1.1" 201 255
::1 - - [17/Aug/2022:20:12:42 +0000] "POST /api/v1/comments HTTP/1.1" 201 255
::1 - - [17/Aug/2022:20:28:57 +0000] "GET /api/v1/comments HTTP/1.1" 500 1338
::1 - - [17/Aug/2022:20:29:18 +0000] "GET /api/v1/comments HTTP/1.1" 200 486
::1 - - [17/Aug/2022:21:37:34 +0000] "GET /api/v1/comments HTTP/1.1" 200 408
::1 - - [17/Aug/2022:21:38:18 +0000] "GET /api/v1/comments HTTP/1.1" 200 453
::1 - - [17/Aug/2022:21:38:50 +0000] "GET /api/v1/comments HTTP/1.1" 500 1387
::1 - - [17/Aug/2022:21:39:08 +0000] "GET /api/v1/comments HTTP/1.1" 200 453
::1 - - [17/Aug/2022:21:39:33 +0000] "GET /api/v1/comments HTTP/1.1" 500 1387
::1 - - [17/Aug/2022:21:41:13 +0000] "GET /api/v1/comments HTTP/1.1" 200 453
::1 - - [17/Aug/2022:21:41:15 +0000] "GET /api/v1/comments HTTP/1.1" 200 453
::1 - - [17/Aug/2022:21:41:16 +0000] "GET /api/v1/comments HTTP/1.1" 200 453
::1 - - [18/Aug/2022:02:21:35 +0000] "GET /api/v1/users/Dylan HTTP/1.1" 200 408
::1 - - [18/Aug/2022:02:21:50 +0000] "GET /api/v1/users/DylanCanCode10101 HTTP/1.1" 200 377
::1 - - [18/Aug/2022:02:23:58 +0000] "GET /api/v1/comments HTTP/1.1" 200 453
::1 - - [18/Aug/2022:02:24:05 +0000] "GET /api/v1/users/DylanCanCode10101 HTTP/1.1" 200 377
::1 - - [18/Aug/2022:02:24:31 +0000] "GET /api/v1/users/DylanTestComment HTTP/1.1" 200 233
::1 - - [18/Aug/2022:02:25:41 +0000] "GET /api/v1/users/DylanTestComment HTTP/1.1" 200 247
::1 - - [18/Aug/2022:02:25:57 +0000] "GET /api/v1/users/DylanCanCode10101 HTTP/1.1" 200 789
::1 - - [18/Aug/2022:02:27:43 +0000] "GET /api/v1/users/DylanCanCode10101 HTTP/1.1" 200 712
::1 - - [18/Aug/2022:02:29:42 +0000] "GET /api/v1/users/DylanCanCode10101 HTTP/1.1" 200 712
::1 - - [18/Aug/2022:02:30:25 +0000] "GET /api/v1/users/DylanCanCode10101 HTTP/1.1" 200 712
::1 - - [18/Aug/2022:02:31:00 +0000] "GET /api/v1/users/DylanCanCode10101 HTTP/1.1" 200 712
::1 - - [18/Aug/2022:02:34:12 +0000] "GET /api/v1/users/DylanCanCode10101 HTTP/1.1" 200 574
::1 - - [18/Aug/2022:02:34:48 +0000] "GET /api/v1/users/62fd49f68760a55f4759b7a1 HTTP/1.1" 200 41
::1 - - [18/Aug/2022:02:46:14 +0000] "GET /api/v1/users/DylanCanCode10101 HTTP/1.1" 500 1387
::1 - - [18/Aug/2022:02:48:12 +0000] "GET /api/v1/users/DylanCanCode10101 HTTP/1.1" 200 492
::1 - - [18/Aug/2022:02:48:25 +0000] "GET /api/v1/users/DylanCanCode10101 HTTP/1.1" 200 492
::1 - - [18/Aug/2022:02:49:46 +0000] "GET /api/v1/users/DylanCanCode10101 HTTP/1.1" 200 544
::1 - - [18/Aug/2022:02:50:22 +0000] "GET /api/v1/users/DylanCanCode10101 HTTP/1.1" 500 1387
::1 - - [18/Aug/2022:02:51:16 +0000] "GET /api/v1/users/DylanCanCode10101 HTTP/1.1" 500 1387
::1 - - [18/Aug/2022:02:51:27 +0000] "GET /api/v1/users/DylanCanCode10101 HTTP/1.1" 200 544
::1 - - [18/Aug/2022:02:53:11 +0000] "GET /api/v1/users/DylanCanCode10101 HTTP/1.1" 200 544
::1 - - [18/Aug/2022:02:54:20 +0000] "GET /api/v1/users/DylanCanCode10101 HTTP/1.1" 200 544
::1 - - [18/Aug/2022:02:54:32 +0000] "GET /api/v1/users/DylanCanCode10101 HTTP/1.1" 500 1387
::1 - - [18/Aug/2022:02:56:19 +0000] "GET /api/v1/users/DylanCanCode10101 HTTP/1.1" 200 505
::1 - - [18/Aug/2022:02:56:47 +0000] "GET /api/v1/users/DylanCanCode10101 HTTP/1.1" 200 505
::1 - - [18/Aug/2022:02:57:17 +0000] "POST /api/v1/comments HTTP/1.1" 201 268
::1 - - [18/Aug/2022:02:57:23 +0000] "GET /api/v1/users/DylanCanCode10101 HTTP/1.1" 500 1407
::1 - - [18/Aug/2022:02:57:57 +0000] "GET /api/v1/users/DylanCanCode10101 HTTP/1.1" 500 1407
::1 - - [18/Aug/2022:02:57:59 +0000] "GET /api/v1/users/DylanCanCode10101 HTTP/1.1" 500 1407
::1 - - [18/Aug/2022:02:58:12 +0000] "GET /api/v1/users/DylanCanCode10101 HTTP/1.1" 500 1407
::1 - - [18/Aug/2022:02:58:22 +0000] "GET /api/v1/users/DylanCanCode10101 HTTP/1.1" 500 1407
::1 - - [18/Aug/2022:02:58:49 +0000] "GET /api/v1/users/DylanCanCode10101 HTTP/1.1" 500 1407
::1 - - [18/Aug/2022:02:59:45 +0000] "GET /api/v1/users/DylanCanCode10101 HTTP/1.1" 500 1407
::1 - - [18/Aug/2022:02:59:48 +0000] "GET /api/v1/comments HTTP/1.1" 200 573
::1 - - [18/Aug/2022:03:02:55 +0000] "GET /api/v1/users HTTP/1.1" 200 1398
::1 - - [18/Aug/2022:03:03:06 +0000] "GET /api/v1/users/DylanCanCode10101 HTTP/1.1" 500 1407
::1 - - [18/Aug/2022:03:03:31 +0000] "GET /api/v1/users/DylanCanCode10101 HTTP/1.1" 500 1514
::1 - - [18/Aug/2022:03:03:32 +0000] "GET /api/v1/users/DylanCanCode10101 HTTP/1.1" 500 1514
::1 - - [18/Aug/2022:03:04:21 +0000] "GET /api/v1/users/DylanCanCode10101 HTTP/1.1" 200 253
::1 - - [18/Aug/2022:03:04:29 +0000] "GET /api/v1/users/DylanCanCode10101 HTTP/1.1" 200 253
::1 - - [18/Aug/2022:03:04:38 +0000] "GET /api/v1/users/DylanCanCode10101 HTTP/1.1" 500 1407
::1 - - [18/Aug/2022:03:05:17 +0000] "GET /api/v1/users/DylanCanCode10101 HTTP/1.1" 500 1407
::1 - - [18/Aug/2022:03:07:44 +0000] "GET /api/v1/users/DylanCanCode10101 HTTP/1.1" 500 1407
::1 - - [18/Aug/2022:03:08:13 +0000] "GET /api/v1/users/DylanCanCode10101 HTTP/1.1" 200 505
::1 - - [18/Aug/2022:03:08:44 +0000] "POST /api/v1/comments HTTP/1.1" 201 268
::1 - - [18/Aug/2022:03:08:47 +0000] "GET /api/v1/users/DylanCanCode10101 HTTP/1.1" 500 1407
::1 - - [18/Aug/2022:03:09:25 +0000] "POST /api/v1/comments HTTP/1.1" 201 264
::1 - - [18/Aug/2022:03:09:28 +0000] "GET /api/v1/comments HTTP/1.1" 200 835
::1 - - [18/Aug/2022:03:09:41 +0000] "GET /api/v1/comments HTTP/1.1" 200 569
::1 - - [18/Aug/2022:03:09:53 +0000] "GET /api/v1/users/DylanCanCode10101 HTTP/1.1" 500 1407
::1 - - [18/Aug/2022:03:11:14 +0000] "GET /api/v1/users/DylanCanCode10101 HTTP/1.1" 200 703
::1 - - [18/Aug/2022:03:12:30 +0000] "POST /api/v1/comments HTTP/1.1" 201 288
::1 - - [18/Aug/2022:03:12:33 +0000] "GET /api/v1/users/DylanCanCode10101 HTTP/1.1" 200 957
::1 - - [18/Aug/2022:03:12:46 +0000] "GET /api/v1/users/DylanCanCode10101 HTTP/1.1" 200 957
